info it worked if it ends with ok
verbose cli [ 'C:\\Program Files (x86)\\nodejs\\\\node.exe',
verbose cli   'C:\\Program Files (x86)\\nodejs\\node_modules\\npm\\bin\\npm-cli.js',
verbose cli   'install',
verbose cli   'socket.IO-node' ]
info using npm@1.1.21
info using node@v0.6.17
verbose C:\Program Files (x86)\nodejs\\node.exe node symlink
verbose config file C:\Users\jincc84\.npmrc
verbose config file C:\Program Files (x86)\nodejs\etc\npmrc
verbose config file C:\Program Files (x86)\nodejs\node_modules\npm\npmrc
verbose caching c:\tmon\practice\node.js\node_modules\argsparser\package.json
verbose caching c:\tmon\practice\node.js\node_modules\clog\package.json
verbose caching c:\tmon\practice\node.js\node_modules\ejs\package.json
verbose caching c:\tmon\practice\node.js\node_modules\express\package.json
verbose caching c:\tmon\practice\node.js\node_modules\mysql-queues\package.json
verbose caching c:\tmon\practice\node.js\node_modules\mysql\package.json
verbose caching c:\tmon\practice\node.js\node_modules\redis\package.json
verbose caching c:\tmon\practice\node.js\node_modules\node-block\package.json
verbose caching c:\tmon\practice\node.js\node_modules\socket.io-client\package.json
verbose caching c:\tmon\practice\node.js\node_modules\socket.io\package.json
verbose cache add [ 'socket.IO-node', null ]
silly cache add: name, spec, args [ undefined, 'socket.IO-node', [ 'socket.IO-node', null ] ]
verbose parsed url { pathname: 'socket.IO-node',
verbose parsed url   path: 'socket.IO-node',
verbose parsed url   href: 'socket.IO-node' }
verbose addNamed [ 'socket.IO-node', '' ]
verbose addNamed [ null, '' ]
silly name, range, hasData [ 'socket.IO-node', '', false ]
verbose raw, before any munging socket.IO-node
verbose url resolving [ 'https://registry.npmjs.org/', './socket.IO-node' ]
verbose url resolved https://registry.npmjs.org/socket.IO-node
http GET https://registry.npmjs.org/socket.IO-node
http 404 https://registry.npmjs.org/socket.IO-node
silly get cb [ 404,
silly get cb   { server: 'CouchDB/1.2.0 (Erlang OTP/R15B)',
silly get cb     date: 'Wed, 24 Oct 2012 05:54:29 GMT',
silly get cb     'content-type': 'application/json',
silly get cb     'content-length': '52',
silly get cb     'cache-control': 'must-revalidate' } ]
ERR! 404 'socket.IO-node' is not in the npm registry.
ERR! 404 You should bug the author to publish it
ERR! 404 Note that you can also install from a
ERR! 404 tarball, folder, or http url, or git url.
ERR! 
ERR! System Windows_NT 6.1.7601
ERR! command "C:\\Program Files (x86)\\nodejs\\\\node.exe" "C:\\Program Files (x86)\\nodejs\\node_modules\\npm\\bin\\npm-cli.js" "install" "socket.IO-node"
ERR! cwd c:\tmon\practice\node.js
ERR! node -v v0.6.17
ERR! npm -v 1.1.21
ERR! code E404
ERR! message 404 Not Found: socket.IO-node
ERR! errno {}
verbose exit [ 1, true ]
